<?xml version="1.0" encoding="UTF-8"?>
<testsuite xmlns:xsi="http://www.w3.org/2001/XMLSchema-instance" xsi:noNamespaceSchemaLocation="https://maven.apache.org/surefire/maven-surefire-plugin/xsd/surefire-test-report.xsd" name="tm.info.anna.spigotmc.peacefulai.AppTest" time="0.04" tests="1" errors="0" skipped="0" failures="0">
  <properties>
    <property name="sun.desktop" value="windows"/>
    <property name="awt.toolkit" value="sun.awt.windows.WToolkit"/>
    <property name="java.specification.version" value="11"/>
    <property name="sun.cpu.isalist" value="amd64"/>
    <property name="sun.jnu.encoding" value="Cp1252"/>
    <property name="java.class.path" value="c:\Users\mtemp\Desktop\Junk\MCServer Plugins\PeacefulAI\peacefulai\peacefulai\target\test-classes;c:\Users\mtemp\Desktop\Junk\MCServer Plugins\PeacefulAI\peacefulai\peacefulai\target\classes;C:\Users\mtemp\.m2\repository\junit\junit\4.11\junit-4.11.jar;C:\Users\mtemp\.m2\repository\org\hamcrest\hamcrest-core\1.3\hamcrest-core-1.3.jar;C:\Users\mtemp\.m2\repository\org\spigotmc\spigot-api\1.15.2-R0.1-SNAPSHOT\spigot-api-1.15.2-R0.1-SNAPSHOT.jar;C:\Users\mtemp\.m2\repository\commons-lang\commons-lang\2.6\commons-lang-2.6.jar;C:\Users\mtemp\.m2\repository\com\google\guava\guava\21.0\guava-21.0.jar;C:\Users\mtemp\.m2\repository\com\google\code\gson\gson\2.8.0\gson-2.8.0.jar;C:\Users\mtemp\.m2\repository\net\md-5\bungeecord-chat\1.15-SNAPSHOT\bungeecord-chat-1.15-SNAPSHOT.jar;C:\Users\mtemp\.m2\repository\org\yaml\snakeyaml\1.25\snakeyaml-1.25.jar;C:\Users\mtemp\.m2\repository\org\jetbrains\annotations\16.0.1\annotations-16.0.1.jar;"/>
    <property name="java.vm.vendor" value="AdoptOpenJDK"/>
    <property name="sun.arch.data.model" value="64"/>
    <property name="user.variant" value=""/>
    <property name="java.vendor.url" value="https://adoptopenjdk.net/"/>
    <property name="user.timezone" value="America/Chicago"/>
    <property name="java.vm.specification.version" value="11"/>
    <property name="os.name" value="Windows 10"/>
    <property name="sun.java.launcher" value="SUN_STANDARD"/>
    <property name="user.country" value="US"/>
    <property name="sun.boot.library.path" value="C:\Program Files\AdoptOpenJDK\jdk-11.0.7.10-hotspot\bin"/>
    <property name="sun.java.command" value="C:\Users\mtemp\AppData\Local\Temp\surefire14817773667263349664\surefirebooter8525297889249360729.jar C:\Users\mtemp\AppData\Local\Temp\surefire14817773667263349664 2020-04-28T19-20-28_896-jvmRun1 surefire15811642770258599311tmp surefire_012798931967435597911tmp"/>
    <property name="jdk.debug" value="release"/>
    <property name="surefire.test.class.path" value="c:\Users\mtemp\Desktop\Junk\MCServer Plugins\PeacefulAI\peacefulai\peacefulai\target\test-classes;c:\Users\mtemp\Desktop\Junk\MCServer Plugins\PeacefulAI\peacefulai\peacefulai\target\classes;C:\Users\mtemp\.m2\repository\junit\junit\4.11\junit-4.11.jar;C:\Users\mtemp\.m2\repository\org\hamcrest\hamcrest-core\1.3\hamcrest-core-1.3.jar;C:\Users\mtemp\.m2\repository\org\spigotmc\spigot-api\1.15.2-R0.1-SNAPSHOT\spigot-api-1.15.2-R0.1-SNAPSHOT.jar;C:\Users\mtemp\.m2\repository\commons-lang\commons-lang\2.6\commons-lang-2.6.jar;C:\Users\mtemp\.m2\repository\com\google\guava\guava\21.0\guava-21.0.jar;C:\Users\mtemp\.m2\repository\com\google\code\gson\gson\2.8.0\gson-2.8.0.jar;C:\Users\mtemp\.m2\repository\net\md-5\bungeecord-chat\1.15-SNAPSHOT\bungeecord-chat-1.15-SNAPSHOT.jar;C:\Users\mtemp\.m2\repository\org\yaml\snakeyaml\1.25\snakeyaml-1.25.jar;C:\Users\mtemp\.m2\repository\org\jetbrains\annotations\16.0.1\annotations-16.0.1.jar;"/>
    <property name="sun.cpu.endian" value="little"/>
    <property name="user.home" value="C:\Users\mtemp"/>
    <property name="user.language" value="en"/>
    <property name="java.specification.vendor" value="Oracle Corporation"/>
    <property name="java.version.date" value="2020-04-14"/>
    <property name="java.home" value="C:\Program Files\AdoptOpenJDK\jdk-11.0.7.10-hotspot"/>
    <property name="file.separator" value="\"/>
    <property name="basedir" value="c:\Users\mtemp\Desktop\Junk\MCServer Plugins\PeacefulAI\peacefulai\peacefulai"/>
    <property name="java.vm.compressedOopsMode" value="Zero based"/>
    <property name="line.separator" value="&#10;"/>
    <property name="java.specification.name" value="Java Platform API Specification"/>
    <property name="java.vm.specification.vendor" value="Oracle Corporation"/>
    <property name="java.awt.graphicsenv" value="sun.awt.Win32GraphicsEnvironment"/>
    <property name="surefire.real.class.path" value="C:\Users\mtemp\AppData\Local\Temp\surefire14817773667263349664\surefirebooter8525297889249360729.jar"/>
    <property name="user.script" value=""/>
    <property name="sun.management.compiler" value="HotSpot 64-Bit Tiered Compilers"/>
    <property name="java.runtime.version" value="11.0.7+10"/>
    <property name="user.name" value="mtemp"/>
    <property name="path.separator" value=";"/>
    <property name="os.version" value="10.0"/>
    <property name="java.runtime.name" value="OpenJDK Runtime Environment"/>
    <property name="file.encoding" value="Cp1252"/>
    <property name="java.vm.name" value="OpenJDK 64-Bit Server VM"/>
    <property name="java.vendor.version" value="AdoptOpenJDK"/>
    <property name="localRepository" value="C:\Users\mtemp\.m2\repository"/>
    <property name="java.vendor.url.bug" value="https://github.com/AdoptOpenJDK/openjdk-support/issues"/>
    <property name="java.io.tmpdir" value="C:\Users\mtemp\AppData\Local\Temp\"/>
    <property name="java.version" value="11.0.7"/>
    <property name="user.dir" value="c:\Users\mtemp\Desktop\Junk\MCServer Plugins\PeacefulAI\peacefulai\peacefulai"/>
    <property name="os.arch" value="amd64"/>
    <property name="java.vm.specification.name" value="Java Virtual Machine Specification"/>
    <property name="java.awt.printerjob" value="sun.awt.windows.WPrinterJob"/>
    <property name="sun.os.patch.level" value=""/>
    <property name="java.library.path" value="C:\Program Files\AdoptOpenJDK\jdk-11.0.7.10-hotspot\bin;C:\WINDOWS\Sun\Java\bin;C:\WINDOWS\system32;C:\WINDOWS;C:\Program Files\AdoptOpenJDK\jdk-11.0.7.10-hotspot\bin;C:\Program Files\AdoptOpenJDK\jdk-8.0.252.09-hotspot\bin;C:\Program Files\Oculus\Support\oculus-runtime;C:\Windows\system32;C:\Windows;C:\Windows\System32\Wbem;C:\Windows\System32\WindowsPowerShell\v1.0\;C:\Windows\System32\OpenSSH\;C:\Program Files\NVIDIA Corporation\NVIDIA NvDLISR;C:\Program Files (x86)\NVIDIA Corporation\PhysX\Common;C:\Program Files (x86)\Gpg4win\..\GnuPG\bin;C:\Program Files\PuTTY\;C:\Program Files\Microsoft SQL Server\130\Tools\Binn\;C:\adb;C:\Program Files\7-Zip;C:\Program Files (x86)\WinSCP\;C:\MinGW\bin;C:\Program Files (x86)\Arduino\hardware\tools\avr\bin;C:\ProgramData\chocolatey\bin;C:\Program Files\Java\jdk-12.0.2\bin;C:\WINDOWS\system32;C:\WINDOWS;C:\WINDOWS\System32\Wbem;C:\WINDOWS\System32\WindowsPowerShell\v1.0\;C:\WINDOWS\System32\OpenSSH\;C:\Program Files\Git\cmd;C:\Maven\bin;C:\Users\mtemp\AppData\Local\Microsoft\WindowsApps;C:\Users\mtemp\AppData\Local\GitHubDesktop\bin;C:\Program Files (x86)\Atmel\Flip 3.4.7\bin;C:\Users\mtemp\AppData\Local\Microsoft\WindowsApps;C:\Users\mtemp\AppData\Local\Programs\Microsoft VS Code\bin;."/>
    <property name="java.vendor" value="AdoptOpenJDK"/>
    <property name="java.vm.info" value="mixed mode"/>
    <property name="java.vm.version" value="11.0.7+10"/>
    <property name="sun.io.unicode.encoding" value="UnicodeLittle"/>
    <property name="java.class.version" value="55.0"/>
  </properties>
  <testcase name="shouldAnswerWithTrue" classname="tm.info.anna.spigotmc.peacefulai.AppTest" time="0.002"/>
</testsuite>